Traceback (most recent call last):
  File "/opt/miniconda3/lib/python3.12/site-packages/jupyter_cache/executors/utils.py", line 58, in single_nb_execution
    executenb(
  File "/opt/miniconda3/lib/python3.12/site-packages/nbclient/client.py", line 1319, in execute
    return NotebookClient(nb=nb, resources=resources, km=km, **kwargs).execute()
           ^^^^^^^^^^^^^^^^^^^^^^^^^^^^^^^^^^^^^^^^^^^^^^^^^^^^^^^^^^^^^^^^^^^^^
  File "/opt/miniconda3/lib/python3.12/site-packages/jupyter_core/utils/__init__.py", line 165, in wrapped
    return loop.run_until_complete(inner)
           ^^^^^^^^^^^^^^^^^^^^^^^^^^^^^^
  File "/opt/miniconda3/lib/python3.12/asyncio/base_events.py", line 685, in run_until_complete
    return future.result()
           ^^^^^^^^^^^^^^^
  File "/opt/miniconda3/lib/python3.12/site-packages/nbclient/client.py", line 709, in async_execute
    await self.async_execute_cell(
  File "/opt/miniconda3/lib/python3.12/site-packages/nbclient/client.py", line 1062, in async_execute_cell
    await self._check_raise_for_error(cell, cell_index, exec_reply)
  File "/opt/miniconda3/lib/python3.12/site-packages/nbclient/client.py", line 918, in _check_raise_for_error
    raise CellExecutionError.from_cell_and_msg(cell, exec_reply_content)
nbclient.exceptions.CellExecutionError: An error occurred while executing the following cell:
------------------
# Change the filename to EXACTLY match your file
filename = 'recording.txt'

# Load & check shape of file
try:
    data = np.genfromtxt(filename, dtype=float, skip_header=6, delimiter='\t',encoding = 'unicode_escape')
except FileNotFoundError:
    print('Your file was not found. Please make sure you\'ve uploaded it following these directions: ')
    print('https://bipn145.github.io/intro.html#uploading-data-to-colab')
except ValueError:
    print('It looks like your data is the wrong shape, did you export the CURRENT SELECTION only?')

if data.shape[1] == 2:
    time, recording = data[:,0], data[:,1]
    print('Stored file with two columns as recording & time.')
elif data.shape[1] == 3:
    time, recording = data[:,0], data[:,1]
    recording_2 = data[:,2]
    print('Stored file with two columns as recording_1, recording_2, & time.')
else:
    print('Invalid data file. Please upload a .txt file exported from LabChart with one or two channels.')
------------------

----- stdout -----
Your file was not found. Please make sure you've uploaded it following these directions: 
https://bipn145.github.io/intro.html#uploading-data-to-colab
------------------

[31m---------------------------------------------------------------------------[39m
[31mNameError[39m                                 Traceback (most recent call last)
[36mCell[39m[36m [39m[32mIn[2][39m[32m, line 13[39m
[32m     10[39m [38;5;28;01mexcept[39;00m [38;5;167;01mValueError[39;00m:
[32m     11[39m     [38;5;28mprint[39m([33m'[39m[33mIt looks like your data is the wrong shape, did you export the CURRENT SELECTION only?[39m[33m'[39m)
[32m---> [39m[32m13[39m [38;5;28;01mif[39;00m [43mdata[49m.shape[[32m1[39m] == [32m2[39m:
[32m     14[39m     time, recording = data[:,[32m0[39m], data[:,[32m1[39m]
[32m     15[39m     [38;5;28mprint[39m([33m'[39m[33mStored file with two columns as recording & time.[39m[33m'[39m)

[31mNameError[39m: name 'data' is not defined

