Traceback (most recent call last):
  File "/opt/miniconda3/lib/python3.12/site-packages/jupyter_cache/executors/utils.py", line 58, in single_nb_execution
    executenb(
  File "/opt/miniconda3/lib/python3.12/site-packages/nbclient/client.py", line 1319, in execute
    return NotebookClient(nb=nb, resources=resources, km=km, **kwargs).execute()
           ^^^^^^^^^^^^^^^^^^^^^^^^^^^^^^^^^^^^^^^^^^^^^^^^^^^^^^^^^^^^^^^^^^^^^
  File "/opt/miniconda3/lib/python3.12/site-packages/jupyter_core/utils/__init__.py", line 165, in wrapped
    return loop.run_until_complete(inner)
           ^^^^^^^^^^^^^^^^^^^^^^^^^^^^^^
  File "/opt/miniconda3/lib/python3.12/asyncio/base_events.py", line 685, in run_until_complete
    return future.result()
           ^^^^^^^^^^^^^^^
  File "/opt/miniconda3/lib/python3.12/site-packages/nbclient/client.py", line 709, in async_execute
    await self.async_execute_cell(
  File "/opt/miniconda3/lib/python3.12/site-packages/nbclient/client.py", line 1062, in async_execute_cell
    await self._check_raise_for_error(cell, cell_index, exec_reply)
  File "/opt/miniconda3/lib/python3.12/site-packages/nbclient/client.py", line 918, in _check_raise_for_error
    raise CellExecutionError.from_cell_and_msg(cell, exec_reply_content)
nbclient.exceptions.CellExecutionError: An error occurred while executing the following cell:
------------------
import numpy as np
import matplotlib.pyplot as plt
from scipy import signal

# Change the filename to EXACTLY match your file
filename = 'baseline.txt'

# Define column names
columns = ['time', 'recording']

# Load the data (skip the 6-line LabChart header)
data = np.genfromtxt(filename, dtype=float, usecols=(0, 1), skip_header=6,
                     delimiter='\t', names=columns, encoding='unicode_escape')

recording = data['recording']  # RMS voltage in mV

# LabChart text files can contain a second header block mid-recording, which
# injects NaN values and one very large spurious number. Mark anything outside
# a plausible voltage range as NaN, then interpolate across all NaN values.
recording[recording > 10.0] = np.nan
nans = np.isnan(recording)
x = np.arange(len(recording))
recording[nans] = np.interp(x[nans], x[~nans], recording[~nans])

# Build a continuous timestamp array from the sampling interval
interval   = 0.005  # seconds (from the LabChart header: Interval = 0.005 s)
timestamps = np.arange(len(recording)) * interval

print(f'Loaded {len(timestamps)} samples | duration: {timestamps[-1]:.2f} s | interval: {interval} s')
------------------


[31m---------------------------------------------------------------------------[39m
[31mFileNotFoundError[39m                         Traceback (most recent call last)
[36mCell[39m[36m [39m[32mIn[2][39m[32m, line 12[39m
[32m      9[39m columns = [[33m'[39m[33mtime[39m[33m'[39m, [33m'[39m[33mrecording[39m[33m'[39m]
[32m     11[39m [38;5;66;03m# Load the data (skip the 6-line LabChart header)[39;00m
[32m---> [39m[32m12[39m data = [43mnp[49m[43m.[49m[43mgenfromtxt[49m[43m([49m[43mfilename[49m[43m,[49m[43m [49m[43mdtype[49m[43m=[49m[38;5;28;43mfloat[39;49m[43m,[49m[43m [49m[43musecols[49m[43m=[49m[43m([49m[32;43m0[39;49m[43m,[49m[43m [49m[32;43m1[39;49m[43m)[49m[43m,[49m[43m [49m[43mskip_header[49m[43m=[49m[32;43m6[39;49m[43m,[49m
[32m     13[39m [43m                     [49m[43mdelimiter[49m[43m=[49m[33;43m'[39;49m[38;5;130;43;01m\t[39;49;00m[33;43m'[39;49m[43m,[49m[43m [49m[43mnames[49m[43m=[49m[43mcolumns[49m[43m,[49m[43m [49m[43mencoding[49m[43m=[49m[33;43m'[39;49m[33;43municode_escape[39;49m[33;43m'[39;49m[43m)[49m
[32m     15[39m recording = data[[33m'[39m[33mrecording[39m[33m'[39m]  [38;5;66;03m# RMS voltage in mV[39;00m
[32m     17[39m [38;5;66;03m# LabChart text files can contain a second header block mid-recording, which[39;00m
[32m     18[39m [38;5;66;03m# injects NaN values and one very large spurious number. Mark anything outside[39;00m
[32m     19[39m [38;5;66;03m# a plausible voltage range as NaN, then interpolate across all NaN values.[39;00m

[36mFile [39m[32m/opt/miniconda3/lib/python3.12/site-packages/numpy/lib/_npyio_impl.py:1990[39m, in [36mgenfromtxt[39m[34m(fname, dtype, comments, delimiter, skip_header, skip_footer, converters, missing_values, filling_values, usecols, names, excludelist, deletechars, replace_space, autostrip, case_sensitive, defaultfmt, unpack, usemask, loose, invalid_raise, max_rows, encoding, ndmin, like)[39m
[32m   1988[39m     fname = os.fspath(fname)
[32m   1989[39m [38;5;28;01mif[39;00m [38;5;28misinstance[39m(fname, [38;5;28mstr[39m):
[32m-> [39m[32m1990[39m     fid = [43mnp[49m[43m.[49m[43mlib[49m[43m.[49m[43m_datasource[49m[43m.[49m[43mopen[49m[43m([49m[43mfname[49m[43m,[49m[43m [49m[33;43m'[39;49m[33;43mrt[39;49m[33;43m'[39;49m[43m,[49m[43m [49m[43mencoding[49m[43m=[49m[43mencoding[49m[43m)[49m
[32m   1991[39m     fid_ctx = contextlib.closing(fid)
[32m   1992[39m [38;5;28;01melse[39;00m:

[36mFile [39m[32m/opt/miniconda3/lib/python3.12/site-packages/numpy/lib/_datasource.py:192[39m, in [36mopen[39m[34m(path, mode, destpath, encoding, newline)[39m
[32m    155[39m [38;5;250m[39m[33;03m"""[39;00m
[32m    156[39m [33;03mOpen `path` with `mode` and return the file object.[39;00m
[32m    157[39m 
[32m   (...)[39m[32m    188[39m 
[32m    189[39m [33;03m"""[39;00m
[32m    191[39m ds = DataSource(destpath)
[32m--> [39m[32m192[39m [38;5;28;01mreturn[39;00m [43mds[49m[43m.[49m[43mopen[49m[43m([49m[43mpath[49m[43m,[49m[43m [49m[43mmode[49m[43m,[49m[43m [49m[43mencoding[49m[43m=[49m[43mencoding[49m[43m,[49m[43m [49m[43mnewline[49m[43m=[49m[43mnewline[49m[43m)[49m

[36mFile [39m[32m/opt/miniconda3/lib/python3.12/site-packages/numpy/lib/_datasource.py:529[39m, in [36mDataSource.open[39m[34m(self, path, mode, encoding, newline)[39m
[32m    526[39m     [38;5;28;01mreturn[39;00m _file_openers[ext](found, mode=mode,
[32m    527[39m                               encoding=encoding, newline=newline)
[32m    528[39m [38;5;28;01melse[39;00m:
[32m--> [39m[32m529[39m     [38;5;28;01mraise[39;00m [38;5;167;01mFileNotFoundError[39;00m([33mf[39m[33m"[39m[38;5;132;01m{[39;00mpath[38;5;132;01m}[39;00m[33m not found.[39m[33m"[39m)

[31mFileNotFoundError[39m: baseline.txt not found.

