Traceback (most recent call last):
  File "/opt/miniconda3/lib/python3.12/site-packages/jupyter_cache/executors/utils.py", line 58, in single_nb_execution
    executenb(
  File "/opt/miniconda3/lib/python3.12/site-packages/nbclient/client.py", line 1319, in execute
    return NotebookClient(nb=nb, resources=resources, km=km, **kwargs).execute()
           ^^^^^^^^^^^^^^^^^^^^^^^^^^^^^^^^^^^^^^^^^^^^^^^^^^^^^^^^^^^^^^^^^^^^^
  File "/opt/miniconda3/lib/python3.12/site-packages/jupyter_core/utils/__init__.py", line 165, in wrapped
    return loop.run_until_complete(inner)
           ^^^^^^^^^^^^^^^^^^^^^^^^^^^^^^
  File "/opt/miniconda3/lib/python3.12/asyncio/base_events.py", line 685, in run_until_complete
    return future.result()
           ^^^^^^^^^^^^^^^
  File "/opt/miniconda3/lib/python3.12/site-packages/nbclient/client.py", line 709, in async_execute
    await self.async_execute_cell(
  File "/opt/miniconda3/lib/python3.12/site-packages/nbclient/client.py", line 1062, in async_execute_cell
    await self._check_raise_for_error(cell, cell_index, exec_reply)
  File "/opt/miniconda3/lib/python3.12/site-packages/nbclient/client.py", line 918, in _check_raise_for_error
    raise CellExecutionError.from_cell_and_msg(cell, exec_reply_content)
nbclient.exceptions.CellExecutionError: An error occurred while executing the following cell:
------------------
# 1 - Import additional packages
import numpy as np
from scipy import stats

# 2 - Convert x and y to numpy arrays
x_array = np.array(x)
y_array = np.array(y)

# 3 - Perform linear regression
slope, intercept, r_value, p_value, std_err = stats.linregress(x_array,y_array)

# 4 - Plot a regression line, using the slope & intercept
plt.plot(x_array, slope*x_array+intercept, color='gray',label='fitted line')

# 5 - Plot our original data points and show
plt.scatter(x_array,y_array,label='original data')
plt.legend()
plt.show()
------------------


[31m---------------------------------------------------------------------------[39m
[31mNameError[39m                                 Traceback (most recent call last)
[36mCell[39m[36m [39m[32mIn[3][39m[32m, line 13[39m
[32m     10[39m slope, intercept, r_value, p_value, std_err = stats.linregress(x_array,y_array)
[32m     12[39m [38;5;66;03m# 4 - Plot a regression line, using the slope & intercept[39;00m
[32m---> [39m[32m13[39m [43mplt[49m.plot(x_array, slope*x_array+intercept, color=[33m'[39m[33mgray[39m[33m'[39m,label=[33m'[39m[33mfitted line[39m[33m'[39m)
[32m     15[39m [38;5;66;03m# 5 - Plot our original data points and show[39;00m
[32m     16[39m plt.scatter(x_array,y_array,label=[33m'[39m[33moriginal data[39m[33m'[39m)

[31mNameError[39m: name 'plt' is not defined

